;  LST file generated by mikroListExporter - v.2.0 
; Date/Time: 22/10/2018 09:13:31 p. m.
;----------------------------------------------

;Address Opcode 	ASM
0x0000	0x28D0      	GOTO       208
_____DoICP:
;__Lib_System.c,6 :: 		
;__Lib_System.c,9 :: 		
0x0003	0x1283      	BCF        STATUS, 5
0x0004	0x1303      	BCF        STATUS, 6
0x0005	0x0821      	MOVF       ___DoICPAddr+1, 0
0x0006	0x008A      	MOVWF      PCLATH
;__Lib_System.c,10 :: 		
0x0007	0x0820      	MOVF       ___DoICPAddr, 0
0x0008	0x0082      	MOVWF      PCL
;__Lib_System.c,12 :: 		
L_end_____DoICP:
0x0009	0x0008      	RETURN
; end of _____DoICP
_display:
;P4.c,22 :: 		void display(int n)
;P4.c,24 :: 		switch(n)
0x000A	0x2840      	GOTO       L_display2
;P4.c,26 :: 		case 0: // 0
L_display4:
;P4.c,27 :: 		PORTB = 0x3F;
0x000B	0x303F      	MOVLW      63
0x000C	0x1283      	BCF        STATUS, 5
0x000D	0x1303      	BCF        STATUS, 6
0x000E	0x0086      	MOVWF      PORTB
;P4.c,28 :: 		break;
0x000F	0x28C3      	GOTO       L_display3
;P4.c,29 :: 		case 1: // 1
L_display5:
;P4.c,30 :: 		PORTB = 0x06;
0x0010	0x3006      	MOVLW      6
0x0011	0x0086      	MOVWF      PORTB
;P4.c,31 :: 		break;
0x0012	0x28C3      	GOTO       L_display3
;P4.c,32 :: 		case 2: // 2
L_display6:
;P4.c,33 :: 		PORTB = 0x5B;
0x0013	0x305B      	MOVLW      91
0x0014	0x0086      	MOVWF      PORTB
;P4.c,34 :: 		break;
0x0015	0x28C3      	GOTO       L_display3
;P4.c,35 :: 		case 3: // 3
L_display7:
;P4.c,36 :: 		PORTB = 0x4F;
0x0016	0x304F      	MOVLW      79
0x0017	0x0086      	MOVWF      PORTB
;P4.c,37 :: 		break;
0x0018	0x28C3      	GOTO       L_display3
;P4.c,38 :: 		case 4: // 4
L_display8:
;P4.c,39 :: 		PORTB = 0x66;
0x0019	0x3066      	MOVLW      102
0x001A	0x0086      	MOVWF      PORTB
;P4.c,40 :: 		break;
0x001B	0x28C3      	GOTO       L_display3
;P4.c,41 :: 		case 5: // 5
L_display9:
;P4.c,42 :: 		PORTB = 0x6D;
0x001C	0x306D      	MOVLW      109
0x001D	0x0086      	MOVWF      PORTB
;P4.c,43 :: 		break;
0x001E	0x28C3      	GOTO       L_display3
;P4.c,44 :: 		case 6: // 6
L_display10:
;P4.c,45 :: 		PORTB = 0x7D;
0x001F	0x307D      	MOVLW      125
0x0020	0x0086      	MOVWF      PORTB
;P4.c,46 :: 		break;
0x0021	0x28C3      	GOTO       L_display3
;P4.c,47 :: 		case 7: // 7
L_display11:
;P4.c,48 :: 		PORTB = 0x07;
0x0022	0x3007      	MOVLW      7
0x0023	0x0086      	MOVWF      PORTB
;P4.c,49 :: 		break;
0x0024	0x28C3      	GOTO       L_display3
;P4.c,50 :: 		case 8: // 8
L_display12:
;P4.c,51 :: 		PORTB = 0x7F;
0x0025	0x307F      	MOVLW      127
0x0026	0x0086      	MOVWF      PORTB
;P4.c,52 :: 		break;
0x0027	0x28C3      	GOTO       L_display3
;P4.c,53 :: 		case 9: // 9
L_display13:
;P4.c,54 :: 		PORTB = 0x67;
0x0028	0x3067      	MOVLW      103
0x0029	0x0086      	MOVWF      PORTB
;P4.c,55 :: 		break;
0x002A	0x28C3      	GOTO       L_display3
;P4.c,56 :: 		case 10: // A
L_display14:
;P4.c,57 :: 		PORTB = 0x77;
0x002B	0x3077      	MOVLW      119
0x002C	0x0086      	MOVWF      PORTB
;P4.c,58 :: 		break;
0x002D	0x28C3      	GOTO       L_display3
;P4.c,59 :: 		case 11: // B
L_display15:
;P4.c,60 :: 		PORTB = 0x7C;
0x002E	0x307C      	MOVLW      124
0x002F	0x0086      	MOVWF      PORTB
;P4.c,61 :: 		break;
0x0030	0x28C3      	GOTO       L_display3
;P4.c,62 :: 		case 12: // C
L_display16:
;P4.c,63 :: 		PORTB = 0x39;
0x0031	0x3039      	MOVLW      57
0x0032	0x0086      	MOVWF      PORTB
;P4.c,64 :: 		break;
0x0033	0x28C3      	GOTO       L_display3
;P4.c,65 :: 		case 13: // D
L_display17:
;P4.c,66 :: 		PORTB = 0x5E;
0x0034	0x305E      	MOVLW      94
0x0035	0x0086      	MOVWF      PORTB
;P4.c,67 :: 		break;
0x0036	0x28C3      	GOTO       L_display3
;P4.c,68 :: 		case 14: // E
L_display18:
;P4.c,69 :: 		PORTB = 0x79;
0x0037	0x3079      	MOVLW      121
0x0038	0x0086      	MOVWF      PORTB
;P4.c,70 :: 		break;
0x0039	0x28C3      	GOTO       L_display3
;P4.c,71 :: 		case 15: // F
L_display19:
;P4.c,72 :: 		PORTB = 0x71;
0x003A	0x3071      	MOVLW      113
0x003B	0x0086      	MOVWF      PORTB
;P4.c,73 :: 		break;
0x003C	0x28C3      	GOTO       L_display3
;P4.c,74 :: 		default: // Otro
L_display20:
;P4.c,75 :: 		PORTB = 0x80;
0x003D	0x3080      	MOVLW      128
0x003E	0x0086      	MOVWF      PORTB
;P4.c,76 :: 		break;
0x003F	0x28C3      	GOTO       L_display3
;P4.c,77 :: 		}
L_display2:
0x0040	0x1283      	BCF        STATUS, 5
0x0041	0x1303      	BCF        STATUS, 6
0x0042	0x3000      	MOVLW      0
0x0043	0x0623      	XORWF      FARG_display_n+1, 0
0x0044	0x1D03      	BTFSS      STATUS, 2
0x0045	0x2848      	GOTO       L__display23
0x0046	0x3000      	MOVLW      0
0x0047	0x0622      	XORWF      FARG_display_n, 0
L__display23:
0x0048	0x1903      	BTFSC      STATUS, 2
0x0049	0x280B      	GOTO       L_display4
0x004A	0x3000      	MOVLW      0
0x004B	0x0623      	XORWF      FARG_display_n+1, 0
0x004C	0x1D03      	BTFSS      STATUS, 2
0x004D	0x2850      	GOTO       L__display24
0x004E	0x3001      	MOVLW      1
0x004F	0x0622      	XORWF      FARG_display_n, 0
L__display24:
0x0050	0x1903      	BTFSC      STATUS, 2
0x0051	0x2810      	GOTO       L_display5
0x0052	0x3000      	MOVLW      0
0x0053	0x0623      	XORWF      FARG_display_n+1, 0
0x0054	0x1D03      	BTFSS      STATUS, 2
0x0055	0x2858      	GOTO       L__display25
0x0056	0x3002      	MOVLW      2
0x0057	0x0622      	XORWF      FARG_display_n, 0
L__display25:
0x0058	0x1903      	BTFSC      STATUS, 2
0x0059	0x2813      	GOTO       L_display6
0x005A	0x3000      	MOVLW      0
0x005B	0x0623      	XORWF      FARG_display_n+1, 0
0x005C	0x1D03      	BTFSS      STATUS, 2
0x005D	0x2860      	GOTO       L__display26
0x005E	0x3003      	MOVLW      3
0x005F	0x0622      	XORWF      FARG_display_n, 0
L__display26:
0x0060	0x1903      	BTFSC      STATUS, 2
0x0061	0x2816      	GOTO       L_display7
0x0062	0x3000      	MOVLW      0
0x0063	0x0623      	XORWF      FARG_display_n+1, 0
0x0064	0x1D03      	BTFSS      STATUS, 2
0x0065	0x2868      	GOTO       L__display27
0x0066	0x3004      	MOVLW      4
0x0067	0x0622      	XORWF      FARG_display_n, 0
L__display27:
0x0068	0x1903      	BTFSC      STATUS, 2
0x0069	0x2819      	GOTO       L_display8
0x006A	0x3000      	MOVLW      0
0x006B	0x0623      	XORWF      FARG_display_n+1, 0
0x006C	0x1D03      	BTFSS      STATUS, 2
0x006D	0x2870      	GOTO       L__display28
0x006E	0x3005      	MOVLW      5
0x006F	0x0622      	XORWF      FARG_display_n, 0
L__display28:
0x0070	0x1903      	BTFSC      STATUS, 2
0x0071	0x281C      	GOTO       L_display9
0x0072	0x3000      	MOVLW      0
0x0073	0x0623      	XORWF      FARG_display_n+1, 0
0x0074	0x1D03      	BTFSS      STATUS, 2
0x0075	0x2878      	GOTO       L__display29
0x0076	0x3006      	MOVLW      6
0x0077	0x0622      	XORWF      FARG_display_n, 0
L__display29:
0x0078	0x1903      	BTFSC      STATUS, 2
0x0079	0x281F      	GOTO       L_display10
0x007A	0x3000      	MOVLW      0
0x007B	0x0623      	XORWF      FARG_display_n+1, 0
0x007C	0x1D03      	BTFSS      STATUS, 2
0x007D	0x2880      	GOTO       L__display30
0x007E	0x3007      	MOVLW      7
0x007F	0x0622      	XORWF      FARG_display_n, 0
L__display30:
0x0080	0x1903      	BTFSC      STATUS, 2
0x0081	0x2822      	GOTO       L_display11
0x0082	0x3000      	MOVLW      0
0x0083	0x0623      	XORWF      FARG_display_n+1, 0
0x0084	0x1D03      	BTFSS      STATUS, 2
0x0085	0x2888      	GOTO       L__display31
0x0086	0x3008      	MOVLW      8
0x0087	0x0622      	XORWF      FARG_display_n, 0
L__display31:
0x0088	0x1903      	BTFSC      STATUS, 2
0x0089	0x2825      	GOTO       L_display12
0x008A	0x3000      	MOVLW      0
0x008B	0x0623      	XORWF      FARG_display_n+1, 0
0x008C	0x1D03      	BTFSS      STATUS, 2
0x008D	0x2890      	GOTO       L__display32
0x008E	0x3009      	MOVLW      9
0x008F	0x0622      	XORWF      FARG_display_n, 0
L__display32:
0x0090	0x1903      	BTFSC      STATUS, 2
0x0091	0x2828      	GOTO       L_display13
0x0092	0x3000      	MOVLW      0
0x0093	0x0623      	XORWF      FARG_display_n+1, 0
0x0094	0x1D03      	BTFSS      STATUS, 2
0x0095	0x2898      	GOTO       L__display33
0x0096	0x300A      	MOVLW      10
0x0097	0x0622      	XORWF      FARG_display_n, 0
L__display33:
0x0098	0x1903      	BTFSC      STATUS, 2
0x0099	0x282B      	GOTO       L_display14
0x009A	0x3000      	MOVLW      0
0x009B	0x0623      	XORWF      FARG_display_n+1, 0
0x009C	0x1D03      	BTFSS      STATUS, 2
0x009D	0x28A0      	GOTO       L__display34
0x009E	0x300B      	MOVLW      11
0x009F	0x0622      	XORWF      FARG_display_n, 0
L__display34:
0x00A0	0x1903      	BTFSC      STATUS, 2
0x00A1	0x282E      	GOTO       L_display15
0x00A2	0x3000      	MOVLW      0
0x00A3	0x0623      	XORWF      FARG_display_n+1, 0
0x00A4	0x1D03      	BTFSS      STATUS, 2
0x00A5	0x28A8      	GOTO       L__display35
0x00A6	0x300C      	MOVLW      12
0x00A7	0x0622      	XORWF      FARG_display_n, 0
L__display35:
0x00A8	0x1903      	BTFSC      STATUS, 2
0x00A9	0x2831      	GOTO       L_display16
0x00AA	0x3000      	MOVLW      0
0x00AB	0x0623      	XORWF      FARG_display_n+1, 0
0x00AC	0x1D03      	BTFSS      STATUS, 2
0x00AD	0x28B0      	GOTO       L__display36
0x00AE	0x300D      	MOVLW      13
0x00AF	0x0622      	XORWF      FARG_display_n, 0
L__display36:
0x00B0	0x1903      	BTFSC      STATUS, 2
0x00B1	0x2834      	GOTO       L_display17
0x00B2	0x3000      	MOVLW      0
0x00B3	0x0623      	XORWF      FARG_display_n+1, 0
0x00B4	0x1D03      	BTFSS      STATUS, 2
0x00B5	0x28B8      	GOTO       L__display37
0x00B6	0x300E      	MOVLW      14
0x00B7	0x0622      	XORWF      FARG_display_n, 0
L__display37:
0x00B8	0x1903      	BTFSC      STATUS, 2
0x00B9	0x2837      	GOTO       L_display18
0x00BA	0x3000      	MOVLW      0
0x00BB	0x0623      	XORWF      FARG_display_n+1, 0
0x00BC	0x1D03      	BTFSS      STATUS, 2
0x00BD	0x28C0      	GOTO       L__display38
0x00BE	0x300F      	MOVLW      15
0x00BF	0x0622      	XORWF      FARG_display_n, 0
L__display38:
0x00C0	0x1903      	BTFSC      STATUS, 2
0x00C1	0x283A      	GOTO       L_display19
0x00C2	0x283D      	GOTO       L_display20
L_display3:
;P4.c,78 :: 		}
L_end_display:
0x00C3	0x0008      	RETURN
; end of _display
___CC2DW:
;__Lib_System.c,134 :: 		
;__Lib_System.c,137 :: 		
_CC2D_Loop1:
;__Lib_System.c,139 :: 		
0x00C4	0x2003      	CALL       _____DoICP
0x00C5	0x118A      	BCF        PCLATH, 3
0x00C6	0x120A      	BCF        PCLATH, 4
;__Lib_System.c,141 :: 		
0x00C7	0x0080      	MOVWF      INDF
;__Lib_System.c,142 :: 		
0x00C8	0x0A84      	INCF       FSR, 1
;__Lib_System.c,143 :: 		
0x00C9	0x0AA0      	INCF       ___DoICPAddr, 1
;__Lib_System.c,145 :: 		
0x00CA	0x1903      	BTFSC      STATUS, 2
;__Lib_System.c,146 :: 		
0x00CB	0x0AA1      	INCF       ___DoICPAddr+1, 1
;__Lib_System.c,147 :: 		
0x00CC	0x03F0      	DECF       R0, 1
;__Lib_System.c,149 :: 		
0x00CD	0x1D03      	BTFSS      STATUS, 2
;__Lib_System.c,150 :: 		
0x00CE	0x28C4      	GOTO       _CC2D_Loop1
;__Lib_System.c,152 :: 		
L_end___CC2DW:
0x00CF	0x0008      	RETURN
; end of ___CC2DW
_main:
;P4.c,9 :: 		void main()
;P4.c,11 :: 		TRISA = 0xFF;      // Todos los pines del puerto PORTA se configuran como entradas
0x00D0	0x30FF      	MOVLW      255
0x00D1	0x1683      	BSF        STATUS, 5
0x00D2	0x1303      	BCF        STATUS, 6
0x00D3	0x0085      	MOVWF      TRISA
;P4.c,12 :: 		TRISB = 0x00;      // Todos los pines del puerto PORTA se configuran como salidas
0x00D4	0x0186      	CLRF       TRISB
;P4.c,13 :: 		ANSEL = 0x00;      // Todos los pines de E/S se configuran como digitales
0x00D5	0x1703      	BSF        STATUS, 6
0x00D6	0x0188      	CLRF       ANSEL
;P4.c,14 :: 		ANSELH = 0x00;     // Todos los pines de E/S se configuran como digitales
0x00D7	0x0189      	CLRF       ANSELH
;P4.c,16 :: 		while(1) // Ciclo infinito
L_main0:
;P4.c,18 :: 		display(PORTA); // Se escribe el número correspondiente
0x00D8	0x1283      	BCF        STATUS, 5
0x00D9	0x1303      	BCF        STATUS, 6
0x00DA	0x0805      	MOVF       PORTA, 0
0x00DB	0x00A2      	MOVWF      FARG_display_n
0x00DC	0x01A3      	CLRF       FARG_display_n+1
0x00DD	0x200A      	CALL       _display
;P4.c,19 :: 		}
0x00DE	0x28D8      	GOTO       L_main0
;P4.c,20 :: 		}
L_end_main:
0x00DF	0x28DF      	GOTO       $+0
; end of _main
Symbol List:
//** Routines locations **
//ADDRESS    SIZE    PROCEDURE
//----------------------------------------------
0x0003       [7]    _____DoICP
0x000A     [186]    _display
0x00C4      [12]    ___CC2DW
0x00D0      [16]    _main
//** Variables locations ** 
//ADDRESS    SIZE    VARIABLE
//----------------------------------------------
0x0000       [1]    INDF
0x0002       [1]    PCL
0x0003       [1]    STATUS
0x0004       [1]    FSR
0x0005       [1]    PORTA
0x0006       [1]    PORTB
0x000A       [1]    PCLATH
0x0020       [2]    ___DoICPAddr
0x0022       [2]    FARG_display_n
0x0070       [1]    R0
0x0071       [1]    R1
0x0072       [1]    R2
0x0073       [1]    R3
0x0074       [1]    R4
0x0075       [1]    R5
0x0076       [1]    R6
0x0077       [1]    R7
0x0078       [1]    R8
0x0079       [1]    R9
0x007A       [1]    R10
0x007B       [1]    R11
0x007C       [1]    R12
0x007D       [1]    R13
0x007E       [1]    R14
0x007F       [1]    R15
0x0085       [1]    TRISA
0x0086       [1]    TRISB
0x0188       [1]    ANSEL
0x0189       [1]    ANSELH
//** Label List: ** 
//----------------------------------------------
  L_main0
  L_main1
  L_display2
  L_display3
  L_display4
  L_display5
  L_display6
  L_display7
  L_display8
  L_display9
  L_display10
  L_display11
  L_display12
  L_display13
  L_display14
  L_display15
  L_display16
  L_display17
  L_display18
  L_display19
  L_display20
  L_end_main
  _main
  L_end_display
  _display
  L__display23
  L__display24
  L__display25
  L__display26
  L__display27
  L__display28
  L__display29
  L__display30
  L__display31
  L__display32
  L__display33
  L__display34
  L__display35
  L__display36
  L__display37
  L__display38
  L_loopCA2AWs
  L_CA2AWend
  _CCA2AW_Loop1
  L_loopCS2Ss
  L_CS2Send
  _CCS2S_Loop1
  L_CCS2Send
  L_loopFZinSWs
  L_FZinSend
  _CC2D_Loop1
  L_end_____DoICP
  _____DoICP
  L_end_____DoIFC
  _____DoIFC
  L_end___CA2AW
  ___CA2AW
  L_end___CCA2AW
  ___CCA2AW
  L_end___CS2S
  ___CS2S
  L_end___CCS2S
  ___CCS2S
  L_end___FZinS
  ___FZinS
  L_end___CC2DW
  ___CC2DW
  L_end_Swap
  _Swap
